TN:
SF:cli/commander/fake-names-generator/lib/fake-names.js
FN:7,(anonymous_0)
FN:10,(anonymous_1)
FN:13,(anonymous_2)
FN:16,(anonymous_3)
FN:25,(anonymous_4)
FN:26,(anonymous_5)
FN:30,(anonymous_6)
FN:32,(anonymous_7)
FNF:8
FNH:5
FNDA:0,(anonymous_0)
FNDA:0,(anonymous_1)
FNDA:0,(anonymous_2)
FNDA:4,(anonymous_3)
FNDA:1,(anonymous_4)
FNDA:1,(anonymous_5)
FNDA:1,(anonymous_6)
FNDA:5,(anonymous_7)
DA:1,1
DA:2,1
DA:3,1
DA:4,1
DA:7,1
DA:10,1
DA:13,1
DA:16,1
DA:17,4
DA:18,4
DA:19,12
DA:21,4
DA:25,1
DA:26,1
DA:30,1
DA:31,1
DA:32,5
DA:33,1
DA:34,1
DA:35,1
LF:20
LH:20
BRDA:16,0,0,2
BRDA:16,1,0,4
BRF:2
BRH:2
end_of_record
TN:
SF:cli/commander/fake-names-generator/lib/utils.js
FN:6,(anonymous_0)
FN:7,(anonymous_1)
FN:11,(anonymous_2)
FNF:3
FNH:3
FNDA:1,(anonymous_0)
FNDA:1,(anonymous_1)
FNDA:4,(anonymous_2)
DA:1,2
DA:2,2
DA:5,2
DA:6,1
DA:7,1
DA:11,4
LF:6
LH:6
BRF:0
BRH:0
end_of_record
TN:
SF:cli/yargs/countEntriesInDirectory/lib/countEntries.js
FN:6,countFiles
FN:11,(anonymous_1)
FNF:2
FNH:2
FNDA:1,countFiles
FNDA:4,(anonymous_1)
DA:1,1
DA:2,1
DA:4,1
DA:7,1
DA:8,1
DA:9,1
DA:11,4
DA:13,1
DA:15,0
DA:19,1
LF:10
LH:9
BRF:0
BRH:0
end_of_record
TN:
SF:cli/yargs/countEntriesInDirectory/lib/log.js
FN:1,log
FNF:1
FNH:1
FNDA:2,log
DA:2,2
DA:3,2
DA:5,0
DA:9,1
LF:4
LH:3
BRF:0
BRH:0
end_of_record
